0 info it worked if it ends with ok
1 verbose cli [ 'C:\\Program Files\\nodejs\\node.exe',
1 verbose cli   'D:\\Users\\NPRASAI\\AppData\\Roaming\\npm\\node_modules\\npm\\bin\\npm-cli.js',
1 verbose cli   'install',
1 verbose cli   'shinnn/gulp-gh-pages#33bad35c59e15b538678b49617860e84a73e9d76' ]
2 info using npm@2.7.5
3 info using node@v4.6.0
4 warn package.json hunger-index@0.0.0 No description
5 warn package.json hunger-index@0.0.0 No repository field.
6 warn package.json hunger-index@0.0.0 No README data
7 silly cache add args [ 'shinnn/gulp-gh-pages#33bad35c59e15b538678b49617860e84a73e9d76',
7 silly cache add   null ]
8 verbose cache add spec shinnn/gulp-gh-pages#33bad35c59e15b538678b49617860e84a73e9d76
9 silly cache add parsed spec Result {
9 silly cache add   raw: 'shinnn/gulp-gh-pages#33bad35c59e15b538678b49617860e84a73e9d76',
9 silly cache add   scope: null,
9 silly cache add   name: null,
9 silly cache add   rawSpec: 'shinnn/gulp-gh-pages#33bad35c59e15b538678b49617860e84a73e9d76',
9 silly cache add   spec: 'git+ssh://git@github.com/shinnn/gulp-gh-pages.git#33bad35c59e15b538678b49617860e84a73e9d76',
9 silly cache add   type: 'hosted',
9 silly cache add   hosted:
9 silly cache add    { type: 'github',
9 silly cache add      ssh: 'git@github.com:shinnn/gulp-gh-pages.git#33bad35c59e15b538678b49617860e84a73e9d76',
9 silly cache add      sshUrl: 'git+ssh://git@github.com/shinnn/gulp-gh-pages.git#33bad35c59e15b538678b49617860e84a73e9d76',
9 silly cache add      httpsUrl: 'https://github.com/shinnn/gulp-gh-pages.git#33bad35c59e15b538678b49617860e84a73e9d76',
9 silly cache add      directUrl: 'https://raw.githubusercontent.com/shinnn/gulp-gh-pages/33bad35c59e15b538678b49617860e84a73e9d76/package.json' } }
10 info maybeGithub Attempting shinnn/gulp-gh-pages#33bad35c59e15b538678b49617860e84a73e9d76 from git://github.com/shinnn/gulp-gh-pages.git#33bad35c59e15b538678b49617860e84a73e9d76
11 verbose addRemoteGit git-github-com-shinnn-gulp-gh-pages-git-ccbc6b74 not in flight; caching
12 info git [ 'clone',
12 info git   '--template=D:\\Users\\NPRASAI\\AppData\\Roaming\\npm-cache\\_git-remotes\\_templates',
12 info git   '--mirror',
12 info git   'git://github.com/shinnn/gulp-gh-pages.git',
12 info git   'D:\\Users\\NPRASAI\\AppData\\Roaming\\npm-cache\\_git-remotes\\git-github-com-shinnn-gulp-gh-pages-git-ccbc6b74' ]
13 verbose addRemoteGit git clone git://github.com/shinnn/gulp-gh-pages.git
14 verbose addRemoteGit skipping chownr on Windows
15 verbose addRemoteGit original treeish: 33bad35c59e15b538678b49617860e84a73e9d76
16 info git [ 'rev-list', '-n1', '33bad35c59e15b538678b49617860e84a73e9d76' ]
17 silly addRemoteGit resolved treeish: 33bad35c59e15b538678b49617860e84a73e9d76
18 verbose addRemoteGit resolved Git URL: git://github.com/shinnn/gulp-gh-pages.git#33bad35c59e15b538678b49617860e84a73e9d76
19 silly addRemoteGit Git working directory: C:\cygwin64\tmp\npm-5164-e21526a7\git-cache-da9190828924\33bad35c59e15b538678b49617860e84a73e9d76
20 info git [ 'clone',
20 info git   'D:\\Users\\NPRASAI\\AppData\\Roaming\\npm-cache\\_git-remotes\\git-github-com-shinnn-gulp-gh-pages-git-ccbc6b74',
20 info git   'C:\\cygwin64\\tmp\\npm-5164-e21526a7\\git-cache-da9190828924\\33bad35c59e15b538678b49617860e84a73e9d76' ]
21 error git -c core.longpaths=true clone D:\Users\NPRASAI\AppData\Roaming\npm-cache\_git-remotes\git-github-com-shinnn-gulp-gh-pages-git-ccbc6b74 C:\cygwin64\tmp\npm-5164-e21526a7\git-cache-da9190828924\33bad35c59e15b538678b49617860e84a73e9d76
22 error git clone D:\Users\NPRASAI\AppData\Roaming\npm-cache\_git-remotes\git-github-com-shinnn-gulp-gh-pages-git-ccbc6b74 C:\cygwin64\tmp\npm-5164-e21526a7\git-cache-da9190828924\33bad35c59e15b538678b49617860e84a73e9d76: Cloning into 'C:\cygwin64\tmp\npm-5164-e21526a7\git-cache-da9190828924\33bad35c59e15b538678b49617860e84a73e9d76'...
22 error git clone D:\Users\NPRASAI\AppData\Roaming\npm-cache\_git-remotes\git-github-com-shinnn-gulp-gh-pages-git-ccbc6b74 C:\cygwin64\tmp\npm-5164-e21526a7\git-cache-da9190828924\33bad35c59e15b538678b49617860e84a73e9d76: fatal: '/cygdrive/d/Users/NPRASAI/AppData/Roaming/npm-cache/_git-remotes/git-github-com-shinnn-gulp-gh-pages-git-ccbc6b74/D:\Users\NPRASAI\AppData\Roaming\npm-cache\_git-remotes\git-github-com-shinnn-gulp-gh-pages-git-ccbc6b74' does not appear to be a git repository
22 error git clone D:\Users\NPRASAI\AppData\Roaming\npm-cache\_git-remotes\git-github-com-shinnn-gulp-gh-pages-git-ccbc6b74 C:\cygwin64\tmp\npm-5164-e21526a7\git-cache-da9190828924\33bad35c59e15b538678b49617860e84a73e9d76: fatal: Could not read from remote repository.
22 error git clone D:\Users\NPRASAI\AppData\Roaming\npm-cache\_git-remotes\git-github-com-shinnn-gulp-gh-pages-git-ccbc6b74 C:\cygwin64\tmp\npm-5164-e21526a7\git-cache-da9190828924\33bad35c59e15b538678b49617860e84a73e9d76:
22 error git clone D:\Users\NPRASAI\AppData\Roaming\npm-cache\_git-remotes\git-github-com-shinnn-gulp-gh-pages-git-ccbc6b74 C:\cygwin64\tmp\npm-5164-e21526a7\git-cache-da9190828924\33bad35c59e15b538678b49617860e84a73e9d76: Please make sure you have the correct access rights
22 error git clone D:\Users\NPRASAI\AppData\Roaming\npm-cache\_git-remotes\git-github-com-shinnn-gulp-gh-pages-git-ccbc6b74 C:\cygwin64\tmp\npm-5164-e21526a7\git-cache-da9190828924\33bad35c59e15b538678b49617860e84a73e9d76: and the repository exists.
23 info maybeGithub Couldn't clone git://github.com/shinnn/gulp-gh-pages.git#33bad35c59e15b538678b49617860e84a73e9d76
24 info maybeGithub Now attempting shinnn/gulp-gh-pages#33bad35c59e15b538678b49617860e84a73e9d76 from git+ssh://git@github.com/shinnn/gulp-gh-pages.git#33bad35c59e15b538678b49617860e84a73e9d76
25 verbose addRemoteGit ssh-git-github-com-shinnn-gulp-gh-pages-git-48031b73 not in flight; caching
26 info git [ 'clone',
26 info git   '--template=D:\\Users\\NPRASAI\\AppData\\Roaming\\npm-cache\\_git-remotes\\_templates',
26 info git   '--mirror',
26 info git   'ssh://git@github.com/shinnn/gulp-gh-pages.git',
26 info git   'D:\\Users\\NPRASAI\\AppData\\Roaming\\npm-cache\\_git-remotes\\ssh-git-github-com-shinnn-gulp-gh-pages-git-48031b73' ]
27 error git -c core.longpaths=true clone --template=D:\Users\NPRASAI\AppData\Roaming\npm-cache\_git-remotes\_templates --mirror ssh://git@github.com/shinnn/gulp-gh-pages.git D:\Users\NPRASAI\AppData\Roaming\npm-cache\_git-remotes\ssh-git-github-com-shinnn-gulp-gh-pages-git-48031b73
28 error git clone --template=D:\Users\NPRASAI\AppData\Roaming\npm-cache\_git-remotes\_templates --mirror ssh://git@github.com/shinnn/gulp-gh-pages.git D:\Users\NPRASAI\AppData\Roaming\npm-cache\_git-remotes\ssh-git-github-com-shinnn-gulp-gh-pages-git-48031b73: Cloning into bare repository 'D:\Users\NPRASAI\AppData\Roaming\npm-cache\_git-remotes\ssh-git-github-com-shinnn-gulp-gh-pages-git-48031b73'...
28 error git clone --template=D:\Users\NPRASAI\AppData\Roaming\npm-cache\_git-remotes\_templates --mirror ssh://git@github.com/shinnn/gulp-gh-pages.git D:\Users\NPRASAI\AppData\Roaming\npm-cache\_git-remotes\ssh-git-github-com-shinnn-gulp-gh-pages-git-48031b73: Host key verification failed.
28 error git clone --template=D:\Users\NPRASAI\AppData\Roaming\npm-cache\_git-remotes\_templates --mirror ssh://git@github.com/shinnn/gulp-gh-pages.git D:\Users\NPRASAI\AppData\Roaming\npm-cache\_git-remotes\ssh-git-github-com-shinnn-gulp-gh-pages-git-48031b73: fatal: Could not read from remote repository.
28 error git clone --template=D:\Users\NPRASAI\AppData\Roaming\npm-cache\_git-remotes\_templates --mirror ssh://git@github.com/shinnn/gulp-gh-pages.git D:\Users\NPRASAI\AppData\Roaming\npm-cache\_git-remotes\ssh-git-github-com-shinnn-gulp-gh-pages-git-48031b73:
28 error git clone --template=D:\Users\NPRASAI\AppData\Roaming\npm-cache\_git-remotes\_templates --mirror ssh://git@github.com/shinnn/gulp-gh-pages.git D:\Users\NPRASAI\AppData\Roaming\npm-cache\_git-remotes\ssh-git-github-com-shinnn-gulp-gh-pages-git-48031b73: Please make sure you have the correct access rights
28 error git clone --template=D:\Users\NPRASAI\AppData\Roaming\npm-cache\_git-remotes\_templates --mirror ssh://git@github.com/shinnn/gulp-gh-pages.git D:\Users\NPRASAI\AppData\Roaming\npm-cache\_git-remotes\ssh-git-github-com-shinnn-gulp-gh-pages-git-48031b73: and the repository exists.
29 verbose stack Error: Command failed: git -c core.longpaths=true clone --template=D:\Users\NPRASAI\AppData\Roaming\npm-cache\_git-remotes\_templates --mirror ssh://git@github.com/shinnn/gulp-gh-pages.git D:\Users\NPRASAI\AppData\Roaming\npm-cache\_git-remotes\ssh-git-github-com-shinnn-gulp-gh-pages-git-48031b73
29 verbose stack Cloning into bare repository 'D:\Users\NPRASAI\AppData\Roaming\npm-cache\_git-remotes\ssh-git-github-com-shinnn-gulp-gh-pages-git-48031b73'...
29 verbose stack Host key verification failed.
29 verbose stack fatal: Could not read from remote repository.
29 verbose stack
29 verbose stack Please make sure you have the correct access rights
29 verbose stack and the repository exists.
29 verbose stack
29 verbose stack     at ChildProcess.exithandler (child_process.js:213:12)
29 verbose stack     at emitTwo (events.js:87:13)
29 verbose stack     at ChildProcess.emit (events.js:172:7)
29 verbose stack     at maybeClose (internal/child_process.js:829:16)
29 verbose stack     at Process.ChildProcess._handle.onexit (internal/child_process.js:211:5)
30 verbose cwd D:\Users\NPRASAI\Documents\GitHub\TestGHI\Global-Hunger-Index\site
31 error Windows_NT 6.1.7601
32 error argv "C:\\Program Files\\nodejs\\node.exe" "D:\\Users\\NPRASAI\\AppData\\Roaming\\npm\\node_modules\\npm\\bin\\npm-cli.js" "install" "shinnn/gulp-gh-pages#33bad35c59e15b538678b49617860e84a73e9d76"
33 error node v4.6.0
34 error npm  v2.7.5
35 error code 128
36 error Command failed: git -c core.longpaths=true clone --template=D:\Users\NPRASAI\AppData\Roaming\npm-cache\_git-remotes\_templates --mirror ssh://git@github.com/shinnn/gulp-gh-pages.git D:\Users\NPRASAI\AppData\Roaming\npm-cache\_git-remotes\ssh-git-github-com-shinnn-gulp-gh-pages-git-48031b73
36 error Cloning into bare repository 'D:\Users\NPRASAI\AppData\Roaming\npm-cache\_git-remotes\ssh-git-github-com-shinnn-gulp-gh-pages-git-48031b73'...
36 error Host key verification failed.
36 error fatal: Could not read from remote repository.
36 error
36 error Please make sure you have the correct access rights
36 error and the repository exists.
37 error If you need help, you may report this error at:
37 error     <https://github.com/npm/npm/issues>
38 verbose exit [ 1, true ]
